0 info it worked if it ends with ok
1 verbose cli [ '/usr/bin/node', '/usr/bin/npm', 'run', 'build' ]
2 info using npm@1.4.28
3 info using node@v0.10.36
4 verbose node symlink /usr/bin/node
5 verbose run-script [ 'prebuild', 'build', 'postbuild' ]
6 info prebuild photo_cloudinary@1.0.0
7 info build photo_cloudinary@1.0.0
8 verbose unsafe-perm in lifecycle true
9 info photo_cloudinary@1.0.0 Failed to exec build script
10 error photo_cloudinary@1.0.0 build: `browserify lib/browser.js -o static/bundle.js`
10 error Exit status 1
11 error Failed at the photo_cloudinary@1.0.0 build script.
11 error This is most likely a problem with the photo_cloudinary package,
11 error not with npm itself.
11 error Tell the author that this fails on your system:
11 error     browserify lib/browser.js -o static/bundle.js
11 error You can get their info via:
11 error     npm owner ls photo_cloudinary
11 error There is likely additional logging output above.
12 error System Linux 3.13.0-45-generic
13 error command "/usr/bin/node" "/usr/bin/npm" "run" "build"
14 error cwd /home/salman/projects/bobby_larson/photo_cloudinary
15 error node -v v0.10.36
16 error npm -v 1.4.28
17 error code ELIFECYCLE
18 verbose exit [ 1, true ]
